  Game.cpp
  main.cpp
  State.cpp
  Génération de code en cours...
Game.obj : error LNK2019: symbole externe non résolu "__declspec(dllimport) public: float __cdecl sf::Time::asSeconds(void)const " (__imp_?asSeconds@Time@sf@@QEBAMXZ) référencé dans la fonction "public: void __cdecl Game::updateDt(void)" (?updateDt@Game@@QEAAXXZ)
Game.obj : error LNK2019: symbole externe non résolu "__declspec(dllimport) public: __cdecl sf::Clock::Clock(void)" (__imp_??0Clock@sf@@QEAA@XZ) référencé dans la fonction "public: __cdecl Game::Game(void)" (??0Game@@QEAA@XZ)
Game.obj : error LNK2019: symbole externe non résolu "__declspec(dllimport) public: class sf::Time __cdecl sf::Clock::restart(void)" (__imp_?restart@Clock@sf@@QEAA?AVTime@2@XZ) référencé dans la fonction "public: void __cdecl Game::updateDt(void)" (?updateDt@Game@@QEAAXXZ)
Game.obj : error LNK2019: symbole externe non résolu "__declspec(dllimport) public: __cdecl sf::String::String(class std::basic_string<char,struct std::char_traits<char>,class std::allocator<char> > const &,class std::locale const &)" (__imp_??0String@sf@@QEAA@AEBV?$basic_string@DU?$char_traits@D@std@@V?$allocator@D@2@@std@@AEBVlocale@3@@Z) référencé dans la fonction "private: void __cdecl Game::initWindow(void)" (?initWindow@Game@@AEAAXXZ)
Game.obj : error LNK2019: symbole externe non résolu "__declspec(dllimport) public: __cdecl sf::String::~String(void)" (__imp_??1String@sf@@QEAA@XZ) référencé dans la fonction "private: void __cdecl Game::initWindow(void)" (?initWindow@Game@@AEAAXXZ)
Game.obj : error LNK2019: symbole externe non résolu "__declspec(dllimport) public: __cdecl sf::VideoMode::VideoMode(unsigned int,unsigned int,unsigned int)" (__imp_??0VideoMode@sf@@QEAA@III@Z) référencé dans la fonction "private: void __cdecl Game::initWindow(void)" (?initWindow@Game@@AEAAXXZ)
Game.obj : error LNK2019: symbole externe non résolu "__declspec(dllimport) public: void __cdecl sf::Window::close(void)" (__imp_?close@Window@sf@@QEAAXXZ) référencé dans la fonction "public: void __cdecl Game::updateSFMLEvents(void)" (?updateSFMLEvents@Game@@QEAAXXZ)
Game.obj : error LNK2019: symbole externe non résolu "__declspec(dllimport) public: bool __cdecl sf::Window::isOpen(void)const " (__imp_?isOpen@Window@sf@@QEBA_NXZ) référencé dans la fonction "public: void __cdecl Game::run(void)" (?run@Game@@QEAAXXZ)
Game.obj : error LNK2019: symbole externe non résolu "__declspec(dllimport) public: bool __cdecl sf::Window::pollEvent(class sf::Event &)" (__imp_?pollEvent@Window@sf@@QEAA_NAEAVEvent@2@@Z) référencé dans la fonction "public: void __cdecl Game::updateSFMLEvents(void)" (?updateSFMLEvents@Game@@QEAAXXZ)
Game.obj : error LNK2019: symbole externe non résolu "__declspec(dllimport) public: void __cdecl sf::Window::setVerticalSyncEnabled(bool)" (__imp_?setVerticalSyncEnabled@Window@sf@@QEAAX_N@Z) référencé dans la fonction "private: void __cdecl Game::initWindow(void)" (?initWindow@Game@@AEAAXXZ)
Game.obj : error LNK2019: symbole externe non résolu "__declspec(dllimport) public: void __cdecl sf::Window::setFramerateLimit(unsigned int)" (__imp_?setFramerateLimit@Window@sf@@QEAAXI@Z) référencé dans la fonction "private: void __cdecl Game::initWindow(void)" (?initWindow@Game@@AEAAXXZ)
Game.obj : error LNK2019: symbole externe non résolu "__declspec(dllimport) public: void __cdecl sf::Window::display(void)" (__imp_?display@Window@sf@@QEAAXXZ) référencé dans la fonction "public: void __cdecl Game::render(void)" (?render@Game@@QEAAXXZ)
Game.obj : error LNK2019: symbole externe non résolu "__declspec(dllimport) public: __cdecl sf::Color::Color(unsigned char,unsigned char,unsigned char,unsigned char)" (__imp_??0Color@sf@@QEAA@EEEE@Z) référencé dans la fonction "public: void __cdecl Game::render(void)" (?render@Game@@QEAAXXZ)
Game.obj : error LNK2019: symbole externe non résolu "__declspec(dllimport) public: void __cdecl sf::RenderTarget::clear(class sf::Color const &)" (__imp_?clear@RenderTarget@sf@@QEAAXAEBVColor@2@@Z) référencé dans la fonction "public: void __cdecl Game::render(void)" (?render@Game@@QEAAXXZ)
Game.obj : error LNK2019: symbole externe non résolu "__declspec(dllimport) public: __cdecl sf::RenderWindow::RenderWindow(class sf::VideoMode,class sf::String const &,unsigned int,struct sf::ContextSettings const &)" (__imp_??0RenderWindow@sf@@QEAA@VVideoMode@1@AEBVString@1@IAEBUContextSettings@1@@Z) référencé dans la fonction "private: void __cdecl Game::initWindow(void)" (?initWindow@Game@@AEAAXXZ)
Game.obj : error LNK2019: symbole externe non résolu "__declspec(dllimport) public: virtual __cdecl sf::RenderWindow::~RenderWindow(void)" (__imp_??1RenderWindow@sf@@UEAA@XZ) référencé dans la fonction "public: virtual void * __cdecl sf::RenderWindow::`scalar deleting destructor'(unsigned int)" (??_GRenderWindow@sf@@UEAAPEAXI@Z)
Game.obj : error LNK2001: symbole externe non résolu "public: virtual class sf::Vector2<unsigned int> __cdecl sf::RenderWindow::getSize(void)const " (?getSize@RenderWindow@sf@@UEBA?AV?$Vector2@I@2@XZ)
Game.obj : error LNK2001: symbole externe non résolu "protected: virtual void __cdecl sf::RenderWindow::onCreate(void)" (?onCreate@RenderWindow@sf@@MEAAXXZ)
Game.obj : error LNK2001: symbole externe non résolu "protected: virtual void __cdecl sf::RenderWindow::onResize(void)" (?onResize@RenderWindow@sf@@MEAAXXZ)
Game.obj : error LNK2001: symbole externe non résolu "public: virtual bool __cdecl sf::RenderWindow::setActive(bool)" (?setActive@RenderWindow@sf@@UEAA_N_N@Z)
State.obj : error LNK2019: symbole externe non résolu "__declspec(dllimport) public: __cdecl sf::Texture::~Texture(void)" (__imp_??1Texture@sf@@QEAA@XZ) référencé dans la fonction "public: void * __cdecl sf::Texture::`scalar deleting destructor'(unsigned int)" (??_GTexture@sf@@QEAAPEAXI@Z)
I:\Users\Desktop\Draleman\\SDK\SFML\lib\sfml-graphics-d.lib : warning LNK4272: type d'ordinateur bibliothèque 'x86' en conflit avec le type d'ordinateur cible 'x64'
I:\Users\Desktop\Draleman\\SDK\SFML\lib\sfml-audio-d.lib : warning LNK4272: type d'ordinateur bibliothèque 'x86' en conflit avec le type d'ordinateur cible 'x64'
I:\Users\Desktop\Draleman\\SDK\SFML\lib\sfml-network-d.lib : warning LNK4272: type d'ordinateur bibliothèque 'x86' en conflit avec le type d'ordinateur cible 'x64'
I:\Users\Desktop\Draleman\\SDK\SFML\lib\sfml-window-d.lib : warning LNK4272: type d'ordinateur bibliothèque 'x86' en conflit avec le type d'ordinateur cible 'x64'
I:\Users\Desktop\Draleman\\SDK\SFML\lib\sfml-system-d.lib : warning LNK4272: type d'ordinateur bibliothèque 'x86' en conflit avec le type d'ordinateur cible 'x64'
I:\Users\Desktop\Draleman\x64\Debug\Draleman.exe : fatal error LNK1120: 21 externes non résolus
